
Showing logs for build [32mcb-kubecd-bdd-nh-import-1589944-mqp22-1[0m stage [32mfrom-build-pack[0m and container [32mstep-credential-initializer-frdwk[0m
{"level":"info","ts":1589946036.7363229,"logger":"fallback-logger","caller":"logging/config.go:69","msg":"Fetch GitHub commit ID from kodata failed: open /var/run/ko/refs/heads/0.8.0-ns-support: no such file or directory"}
{"level":"info","ts":1589946036.7368793,"logger":"fallback-logger","caller":"creds-init/main.go:40","msg":"Credentials initialized."}

Showing logs for build [32mcb-kubecd-bdd-nh-import-1589944-mqp22-1[0m stage [32mfrom-build-pack[0m and container [32mstep-working-dir-initializer-ltmf6[0m
{"level":"info","ts":1589946037.8340847,"logger":"fallback-logger","caller":"logging/config.go:69","msg":"Fetch GitHub commit ID from kodata failed: open /var/run/ko/HEAD: no such file or directory"}
{"level":"info","ts":1589946037.8357372,"logger":"fallback-logger","caller":"bash/main.go:64","msg":"Successfully executed command \"sh -c mkdir -p /workspace/source\"; output "}

Showing logs for build [32mcb-kubecd-bdd-nh-import-1589944-mqp22-1[0m stage [32mfrom-build-pack[0m and container [32mstep-place-tools[0m

Showing logs for build [32mcb-kubecd-bdd-nh-import-1589944-mqp22-1[0m stage [32mfrom-build-pack[0m and container [32mstep-git-source-cb-kubecd-bdd-nh-import-1589944-mqp22-jn4rs[0m
{"level":"info","ts":1589946079.803463,"logger":"fallback-logger","caller":"logging/config.go:69","msg":"Fetch GitHub commit ID from kodata failed: open /var/run/ko/refs/heads/0.8.0-ns-support: no such file or directory"}
{"level":"info","ts":1589946080.5586777,"logger":"fallback-logger","caller":"git/git.go:103","msg":"Successfully cloned https://github.com/cb-kubecd/bdd-nh-import-1589944849.git @ v0.0.1 in path /workspace/source"}

Showing logs for build [32mcb-kubecd-bdd-nh-import-1589944-mqp22-1[0m stage [32mfrom-build-pack[0m and container [32mstep-git-merge[0m
Using SHAs from PULL_REFS=master:c58b8b586155da812bae7011a323ca400e0c12ab
WARNING: no SHAs to merge, falling back to initial cloned commit

Showing logs for build [32mcb-kubecd-bdd-nh-import-1589944-mqp22-1[0m stage [32mfrom-build-pack[0m and container [32mstep-setup-jx-git-credentials[0m
Generated Git credentials file /workspace/xdg_config/git/credentials

Showing logs for build [32mcb-kubecd-bdd-nh-import-1589944-mqp22-1[0m stage [32mfrom-build-pack[0m and container [32mstep-build-npmrc[0m
Command "credential" is deprecated, it will be removed on Jun 1 2020.  This is replaced by Tekton's mounted secrets
WARNING: failed to find Secret npm-token in namespace **

Showing logs for build [32mcb-kubecd-bdd-nh-import-1589944-mqp22-1[0m stage [32mfrom-build-pack[0m and container [32mstep-build-npm-install[0m
npm notice created a lockfile as package-lock.json. You should commit this file.
npm WARN REPLACE_ME@1.0.0 No repository field.
npm WARN REPLACE_ME@1.0.0 No license field.

up to date in 0.937s
found 0 vulnerabilities


Showing logs for build [32mcb-kubecd-bdd-nh-import-1589944-mqp22-1[0m stage [32mfrom-build-pack[0m and container [32mstep-build-npm-test[0m

> REPLACE_ME@1.0.0 test /workspace/source
> echo "no test specified" && exit 0

no test specified

Showing logs for build [32mcb-kubecd-bdd-nh-import-1589944-mqp22-1[0m stage [32mfrom-build-pack[0m and container [32mstep-build-container-build[0m
E0520 03:41:28.223349      10 aws_credentials.go:77] while getting AWS credentials NoCredentialProviders: no valid providers in chain. Deprecated.
	For verbose messaging see aws.Config.CredentialsChainVerboseErrors
[36mINFO[0m[0001] Using dockerignore file: /workspace/source/.dockerignore 
[36mINFO[0m[0001] Retrieving image manifest node:9-slim        
E0520 03:41:28.603533      10 metadata.go:154] while reading 'google-dockercfg' metadata: http status code: 404 while fetching url http://metadata.google.internal./computeMetadata/v1/instance/attributes/google-dockercfg
E0520 03:41:28.607202      10 metadata.go:166] while reading 'google-dockercfg-url' metadata: http status code: 404 while fetching url http://metadata.google.internal./computeMetadata/v1/instance/attributes/google-dockercfg-url
[36mINFO[0m[0002] Retrieving image manifest node:9-slim        
[36mINFO[0m[0003] Built cross stage deps: map[]                
[36mINFO[0m[0003] Retrieving image manifest node:9-slim        
[36mINFO[0m[0004] Retrieving image manifest node:9-slim        
[36mINFO[0m[0005] Executing 0 build triggers                   
[36mINFO[0m[0005] cmd: EXPOSE                                  
[36mINFO[0m[0005] Adding exposed port: 8080/tcp                
[36mINFO[0m[0005] Checking for cached layer gcr.io/jenkins-x-bdd3/cache:c93331d07e089379d265f5f522ed008ac8f20550ab6c59dc1dd72fab5aaa9e60... 
[36mINFO[0m[0005] No cached layer found for cmd COPY . .       
[36mINFO[0m[0005] Unpacking rootfs as cmd COPY . . requires it. 
[36mINFO[0m[0012] ENV PORT 8080                                
[36mINFO[0m[0012] No files changed in this command, skipping snapshotting. 
[36mINFO[0m[0012] EXPOSE 8080                                  
[36mINFO[0m[0012] cmd: EXPOSE                                  
[36mINFO[0m[0012] Adding exposed port: 8080/tcp                
[36mINFO[0m[0012] No files changed in this command, skipping snapshotting. 
[36mINFO[0m[0012] WORKDIR /usr/src/app                         
[36mINFO[0m[0012] cmd: workdir                                 
[36mINFO[0m[0012] Changed working directory to /usr/src/app    
[36mINFO[0m[0012] Creating directory /usr/src/app              
[36mINFO[0m[0012] Resolving 1 paths                            
[36mINFO[0m[0012] Taking snapshot of files...                  
[36mINFO[0m[0012] COPY . .                                     
[36mINFO[0m[0013] Resolving 128 paths                          
[36mINFO[0m[0013] Taking snapshot of files...                  
[36mINFO[0m[0013] CMD ["npm", "start"]                         
[36mINFO[0m[0013] No files changed in this command, skipping snapshotting. 
[36mINFO[0m[0013] Pushing layer gcr.io/jenkins-x-bdd3/cache:c93331d07e089379d265f5f522ed008ac8f20550ab6c59dc1dd72fab5aaa9e60 to cache now 

Showing logs for build [32mcb-kubecd-bdd-nh-import-1589944-mqp22-1[0m stage [32mfrom-build-pack[0m and container [32mstep-build-post-build[0m
no CVE provider running in the current ** namespace so skip adding image to be analysed

Showing logs for build [32mcb-kubecd-bdd-nh-import-1589944-mqp22-1[0m stage [32mfrom-build-pack[0m and container [32mstep-promote-changelog[0m
Converted /workspace/source/charts/bdd-nh-import-1589944849 to an unshallow repository
Generating change log from git ref 6f80594c560873867aabc5ef01118345cabea8e5 => 87dfa7d3af86fdd1a70f4e953e2fe199326f065f
Associating user x-0 in users.jenkins.io with email c**d-bot@cloudbees.com to git GitProvider user with login -0 as emails match
Adding label jenkins.io/git-github-userid=-0 to user x-0 in users.jenkins.io
WARNING: Failed to enrich commit c58b8b586155da812bae7011a323ca400e0c12ab with issues: User.jenkins.io "x-0" is invalid: metadata.labels: Invalid value: "-0": a valid label must be an empty string or consist of alphanumeric characters, '-', '_' or '.', and must start and end with an alphanumeric character (e.g. 'MyValue',  or 'my_value',  or '12345', regex used for validation is '(([A-Za-z0-9][-A-Za-z0-9_.]*)?[A-Za-z0-9])?')
Associating user x-0 in users.jenkins.io with email c**d-bot@cloudbees.com to git GitProvider user with login -0 as emails match
Adding label jenkins.io/git-github-userid=-0 to user x-0 in users.jenkins.io
WARNING: Failed to enrich commit c58b8b586155da812bae7011a323ca400e0c12ab with issues: User.jenkins.io "x-0" is invalid: metadata.labels: Invalid value: "-0": a valid label must be an empty string or consist of alphanumeric characters, '-', '_' or '.', and must start and end with an alphanumeric character (e.g. 'MyValue',  or 'my_value',  or '12345', regex used for validation is '(([A-Za-z0-9][-A-Za-z0-9_.]*)?[A-Za-z0-9])?')
Finding issues in commit messages using git format
WARNING: No release found for cb-kubecd/bdd-nh-import-1589944849 and tag v0.0.1 so creating a new release
Updated the release information at https://github.com/cb-kubecd/bdd-nh-import-1589944849/releases/tag/v0.0.1
generated: /workspace/source/charts/bdd-nh-import-1589944849/templates/release.yaml
Created Release bdd-nh-import-1589944849-0-0-1 resource in namespace **
Updating PipelineActivity cb-kubecd-bdd-nh-import-1589944849-master-1 with version 0.0.1
Updated PipelineActivities cb-kubecd-bdd-nh-import-1589944849-master-1 with release notes URL: https://github.com/cb-kubecd/bdd-nh-import-1589944849/releases/tag/v0.0.1

Showing logs for build [32mcb-kubecd-bdd-nh-import-1589944-mqp22-1[0m stage [32mfrom-build-pack[0m and container [32mstep-promote-helm-release[0m
WARNING: No $CHART_REPOSITORY defined so using the default value of: http://jenkins-x-chartmuseum:8080
Adding missing Helm repo: storage.googleapis.com https://storage.googleapis.com/chartmuseum.jenkins-x.io
WARNING: No secrets found on "helm/repos" due: reading the secret "helm/repos" from vault: no secret "helm/repos" not found in vault
Read credentials for https://storage.googleapis.com/chartmuseum.jenkins-x.io from vault helm/repos
Successfully added Helm repository storage.googleapis.com.
Adding missing Helm repo: jenkins-x-chartmuseum http://jenkins-x-chartmuseum:8080
WARNING: No secrets found on "helm/repos" due: reading the secret "helm/repos" from vault: no secret "helm/repos" not found in vault
Read credentials for http://jenkins-x-chartmuseum:8080 from vault helm/repos
Successfully added Helm repository jenkins-x-chartmuseum.
WARNING: No $CHART_REPOSITORY defined so using the default value of: http://jenkins-x-chartmuseum:8080
Uploading chart file bdd-nh-import-1589944849-0.0.1.tgz to http://jenkins-x-chartmuseum:8080/api/charts
Received 201 response: {"saved":true}

Showing logs for build [32mcb-kubecd-bdd-nh-import-1589944-mqp22-1[0m stage [32mfrom-build-pack[0m and container [32mstep-promote-jx-promote[0m
WARNING: prow based install so skip waiting for the merge of Pull Requests to go green as currently there is an issue with gettingstatuses from the PR, see https://github.com/jenkins-x/**/issues/2410
WARNING: No $CHART_REPOSITORY defined so using the default value of: http://jenkins-x-chartmuseum:8080
Promoting app bdd-nh-import-1589944849 version 0.0.1 to namespace **-staging
Created Pull Request: https://github.com/cb-kubecd/environment-pr-226-1-boot-gke-staging/pull/7
Added label updatebot to Pull Request https://github.com/cb-kubecd/environment-pr-226-1-boot-gke-staging/pull/7
got git provider status pending from PR https://github.com/cb-kubecd/environment-pr-226-1-boot-gke-staging/pull/7
got git provider status pending from PR https://github.com/cb-kubecd/environment-pr-226-1-boot-gke-staging/pull/7
got git provider status pending from PR https://github.com/cb-kubecd/environment-pr-226-1-boot-gke-staging/pull/7
got git provider status pending from PR https://github.com/cb-kubecd/environment-pr-226-1-boot-gke-staging/pull/7
got git provider status pending from PR https://github.com/cb-kubecd/environment-pr-226-1-boot-gke-staging/pull/7
got git provider status pending from PR https://github.com/cb-kubecd/environment-pr-226-1-boot-gke-staging/pull/7
got git provider status pending from PR https://github.com/cb-kubecd/environment-pr-226-1-boot-gke-staging/pull/7
got git provider status pending from PR https://github.com/cb-kubecd/environment-pr-226-1-boot-gke-staging/pull/7
got git provider status pending from PR https://github.com/cb-kubecd/environment-pr-226-1-boot-gke-staging/pull/7
got git provider status pending from PR https://github.com/cb-kubecd/environment-pr-226-1-boot-gke-staging/pull/7
got git provider status pending from PR https://github.com/cb-kubecd/environment-pr-226-1-boot-gke-staging/pull/7
Pull Request https://github.com/cb-kubecd/environment-pr-226-1-boot-gke-staging/pull/7 is merged at sha 627e1044ff68df4779193a8db40dff415cde94e4
Pull Request merged but we are not waiting for the update pipeline to complete!
WARNING: Could not find the service URL in namespace **-staging for names bdd-nh-import-1589944849, **-bdd-nh-import-1589944849, **-staging-bdd-nh-import-1589944849
